app/build/intermediates/manifest_merge_blame_file/debug/manifest-merger-blame-debug-report.txt
1<?xml version="1.0" encoding="utf-8"?>
2<manifest xmlns:android="http://schemas.android.com/apk/res/android"
3    package="br.vitor.tomewatch"
4    android:versionCode="1"
5    android:versionName="0.1.0" >
6
7    <uses-sdk
8        android:minSdkVersion="30"
9        android:targetSdkVersion="34" />
10
11    <uses-permission android:name="android.permission.INTERNET" />
11-->src/main/AndroidManifest.xml:4:5-67
11-->src/main/AndroidManifest.xml:4:22-64
12    <uses-permission android:name="android.permission.WAKE_LOCK" />
12-->src/main/AndroidManifest.xml:5:5-68
12-->src/main/AndroidManifest.xml:5:22-65
13
14    <uses-feature
14-->src/main/AndroidManifest.xml:6:5-88
15        android:name="android.hardware.type.watch"
15-->src/main/AndroidManifest.xml:6:19-61
16        android:required="true" />
16-->src/main/AndroidManifest.xml:6:62-85
17
18    <application
18-->src/main/AndroidManifest.xml:8:5-24:19
19        android:allowBackup="false"
19-->src/main/AndroidManifest.xml:11:9-36
20        android:debuggable="true"
21        android:extractNativeLibs="false"
22        android:label="Tome Watch"
22-->src/main/AndroidManifest.xml:9:9-35
23        android:theme="@android:style/Theme.DeviceDefault" >
23-->src/main/AndroidManifest.xml:10:9-59
24        <uses-library
24-->src/main/AndroidManifest.xml:13:9-93
25            android:name="com.google.android.wearable"
25-->src/main/AndroidManifest.xml:13:23-65
26            android:required="false" />
26-->src/main/AndroidManifest.xml:13:66-90
27
28        <activity
28-->src/main/AndroidManifest.xml:15:9-23:20
29            android:name="br.vitor.tomewatch.MainActivity"
29-->src/main/AndroidManifest.xml:16:13-41
30            android:exported="true"
30-->src/main/AndroidManifest.xml:17:13-36
31            android:launchMode="singleTop" >
31-->src/main/AndroidManifest.xml:18:13-43
32            <intent-filter>
32-->src/main/AndroidManifest.xml:19:13-22:29
33                <action android:name="android.intent.action.MAIN" />
33-->src/main/AndroidManifest.xml:20:17-69
33-->src/main/AndroidManifest.xml:20:25-66
34
35                <category android:name="android.intent.category.LAUNCHER" />
35-->src/main/AndroidManifest.xml:21:17-77
35-->src/main/AndroidManifest.xml:21:27-74
36            </intent-filter>
37        </activity>
38    </application>
39
40</manifest>